<?xml version="1.0" encoding="UTF-8"?>
<testng-results ignored="0" total="2" passed="2" failed="0" skipped="0">
  <reporter-output>
  </reporter-output>
  <suite started-at="2023-02-07T18:28:29 IST" name="Suite" finished-at="2023-02-07T18:28:29 IST" duration-ms="48">
    <groups>
    </groups>
    <test started-at="2023-02-07T18:28:29 IST" name="Test" finished-at="2023-02-07T18:28:29 IST" duration-ms="48">
      <class name="tests.TestClass1">
        <test-method is-config="true" signature="startApp()[pri:0, instance:tests.TestClass1@50b472aa]" started-at="2023-02-07T18:28:29 IST" name="startApp" finished-at="2023-02-07T18:28:29 IST" duration-ms="8" status="PASS">
          <reporter-output>
          </reporter-output>
        </test-method> <!-- startApp -->
        <test-method is-config="true" signature="beforeMethod()[pri:0, instance:tests.TestClass1@50b472aa]" started-at="2023-02-07T18:28:29 IST" name="beforeMethod" finished-at="2023-02-07T18:28:29 IST" duration-ms="0" status="PASS">
          <reporter-output>
          </reporter-output>
        </test-method> <!-- beforeMethod -->
        <test-method signature="testcase1()[pri:0, instance:tests.TestClass1@50b472aa]" started-at="2023-02-07T18:28:29 IST" name="testcase1" finished-at="2023-02-07T18:28:29 IST" duration-ms="4" status="PASS">
          <reporter-output>
          </reporter-output>
        </test-method> <!-- testcase1 -->
        <test-method is-config="true" signature="afterMethod()[pri:0, instance:tests.TestClass1@50b472aa]" started-at="2023-02-07T18:28:29 IST" name="afterMethod" finished-at="2023-02-07T18:28:29 IST" duration-ms="1" status="PASS">
          <reporter-output>
          </reporter-output>
        </test-method> <!-- afterMethod -->
        <test-method signature="testcase2()[pri:0, instance:tests.TestClass1@50b472aa]" started-at="2023-02-07T18:28:29 IST" name="testcase2" finished-at="2023-02-07T18:28:29 IST" duration-ms="1" status="PASS">
          <reporter-output>
          </reporter-output>
        </test-method> <!-- testcase2 -->
        <test-method is-config="true" signature="beforeMethod()[pri:0, instance:tests.TestClass1@50b472aa]" started-at="2023-02-07T18:28:29 IST" name="beforeMethod" finished-at="2023-02-07T18:28:29 IST" duration-ms="0" status="PASS">
          <reporter-output>
          </reporter-output>
        </test-method> <!-- beforeMethod -->
        <test-method is-config="true" signature="afterMethod()[pri:0, instance:tests.TestClass1@50b472aa]" started-at="2023-02-07T18:28:29 IST" name="afterMethod" finished-at="2023-02-07T18:28:29 IST" duration-ms="1" status="PASS">
          <reporter-output>
          </reporter-output>
        </test-method> <!-- afterMethod -->
        <test-method is-config="true" signature="closeApp()[pri:0, instance:tests.TestClass1@50b472aa]" started-at="2023-02-07T18:28:29 IST" name="closeApp" finished-at="2023-02-07T18:28:29 IST" duration-ms="0" status="PASS">
          <reporter-output>
          </reporter-output>
        </test-method> <!-- closeApp -->
      </class> <!-- tests.TestClass1 -->
    </test> <!-- Test -->
  </suite> <!-- Suite -->
</testng-results>
