<?xml version="1.0" encoding="UTF-8"?>
<testng-results ignored="0" total="1" passed="1" failed="0" skipped="0">
  <reporter-output>
  </reporter-output>
  <suite started-at="2022-12-11T19:27:59 IST" name="Suite" finished-at="2022-12-11T19:28:05 IST" duration-ms="5733">
    <groups>
    </groups>
    <test started-at="2022-12-11T19:27:59 IST" name="Test" finished-at="2022-12-11T19:28:05 IST" duration-ms="5733">
      <class name="testcases.LoginValidData">
        <test-method is-config="true" signature="startApp()[pri:0, instance:testcases.LoginValidData@635eaaf1]" started-at="2022-12-11T19:27:59 IST" name="startApp" finished-at="2022-12-11T19:28:04 IST" duration-ms="4554" status="PASS">
          <reporter-output>
          </reporter-output>
        </test-method> <!-- startApp -->
        <test-method signature="loginValidData(java.lang.String, java.lang.String)[pri:0, instance:testcases.LoginValidData@635eaaf1]" started-at="2022-12-11T19:28:04 IST" name="loginValidData" finished-at="2022-12-11T19:28:04 IST" duration-ms="260" status="PASS">
          <params>
            <param index="0">
              <value>
                <![CDATA[standard_user]]>
              </value>
            </param>
            <param index="1">
              <value>
                <![CDATA[secret_sauce]]>
              </value>
            </param>
          </params>
          <reporter-output>
          </reporter-output>
        </test-method> <!-- loginValidData -->
        <test-method is-config="true" signature="closeApp()[pri:0, instance:testcases.LoginValidData@635eaaf1]" started-at="2022-12-11T19:28:04 IST" name="closeApp" finished-at="2022-12-11T19:28:05 IST" duration-ms="886" status="PASS">
          <reporter-output>
          </reporter-output>
        </test-method> <!-- closeApp -->
      </class> <!-- testcases.LoginValidData -->
    </test> <!-- Test -->
  </suite> <!-- Suite -->
</testng-results>
