<?xml version="1.0" encoding="UTF-8"?>
<testng-results ignored="0" total="2" passed="2" failed="0" skipped="0">
  <reporter-output>
  </reporter-output>
  <suite started-at="2022-12-09T22:51:11 IST" name="Default suite" finished-at="2022-12-09T22:51:44 IST" duration-ms="33674">
    <groups>
    </groups>
    <test started-at="2022-12-09T22:51:11 IST" name="Default test" finished-at="2022-12-09T22:51:44 IST" duration-ms="33674">
      <class name="testcase.LoginAndLogout">
        <test-method is-config="true" signature="setFileName()[pri:0, instance:testcase.LoginAndLogout@31368b99]" started-at="2022-12-09T22:51:11 IST" name="setFileName" finished-at="2022-12-09T22:51:11 IST" duration-ms="7" status="PASS">
          <reporter-output>
          </reporter-output>
        </test-method> <!-- setFileName -->
        <test-method is-config="true" signature="StartApplication()[pri:0, instance:testcase.LoginAndLogout@31368b99]" started-at="2022-12-09T22:51:11 IST" name="StartApplication" finished-at="2022-12-09T22:51:17 IST" duration-ms="5705" status="PASS">
          <reporter-output>
          </reporter-output>
        </test-method> <!-- StartApplication -->
        <test-method signature="loginLogout(java.lang.String, java.lang.String)[pri:0, instance:testcase.LoginAndLogout@31368b99]" started-at="2022-12-09T22:51:17 IST" name="loginLogout" data-provider="fetchData" finished-at="2022-12-09T22:51:31 IST" duration-ms="13870" status="PASS">
          <params>
            <param index="0">
              <value>
                <![CDATA[demosalesmanager]]>
              </value>
            </param>
            <param index="1">
              <value>
                <![CDATA[crmsfa]]>
              </value>
            </param>
          </params>
          <reporter-output>
          </reporter-output>
        </test-method> <!-- loginLogout -->
        <test-method is-config="true" signature="closeApp()[pri:0, instance:testcase.LoginAndLogout@31368b99]" started-at="2022-12-09T22:51:31 IST" name="closeApp" finished-at="2022-12-09T22:51:32 IST" duration-ms="685" status="PASS">
          <reporter-output>
          </reporter-output>
        </test-method> <!-- closeApp -->
        <test-method is-config="true" signature="StartApplication()[pri:0, instance:testcase.LoginAndLogout@31368b99]" started-at="2022-12-09T22:51:32 IST" name="StartApplication" finished-at="2022-12-09T22:51:35 IST" duration-ms="3903" status="PASS">
          <reporter-output>
          </reporter-output>
        </test-method> <!-- StartApplication -->
        <test-method signature="loginLogout(java.lang.String, java.lang.String)[pri:0, instance:testcase.LoginAndLogout@31368b99]" started-at="2022-12-09T22:51:35 IST" name="loginLogout" data-provider="fetchData" finished-at="2022-12-09T22:51:44 IST" duration-ms="8110" status="PASS">
          <params>
            <param index="0">
              <value>
                <![CDATA[democsr]]>
              </value>
            </param>
            <param index="1">
              <value>
                <![CDATA[crmsfa]]>
              </value>
            </param>
          </params>
          <reporter-output>
          </reporter-output>
        </test-method> <!-- loginLogout -->
        <test-method is-config="true" signature="closeApp()[pri:0, instance:testcase.LoginAndLogout@31368b99]" started-at="2022-12-09T22:51:44 IST" name="closeApp" finished-at="2022-12-09T22:51:44 IST" duration-ms="692" status="PASS">
          <reporter-output>
          </reporter-output>
        </test-method> <!-- closeApp -->
      </class> <!-- testcase.LoginAndLogout -->
    </test> <!-- Default test -->
  </suite> <!-- Default suite -->
</testng-results>
