<?xml version="1.0" encoding="UTF-8"?>
<testng-results ignored="0" total="1" passed="1" failed="0" skipped="0">
  <reporter-output>
  </reporter-output>
  <suite started-at="2023-02-08T22:06:25 IST" name="Surefire suite" finished-at="2023-02-08T22:06:25 IST" duration-ms="39">
    <groups>
    </groups>
    <test started-at="2023-02-08T22:06:25 IST" name="Surefire test" finished-at="2023-02-08T22:06:25 IST" duration-ms="39">
      <class name="tests.BasicTest">
        <test-method signature="basictest()[pri:0, instance:tests.BasicTest@2fd6b6c7]" started-at="2023-02-08T22:06:25 IST" name="basictest" finished-at="2023-02-08T22:06:25 IST" duration-ms="5" status="PASS">
          <reporter-output>
          </reporter-output>
        </test-method> <!-- basictest -->
      </class> <!-- tests.BasicTest -->
    </test> <!-- Surefire test -->
  </suite> <!-- Surefire suite -->
</testng-results>
