<?xml version="1.0" encoding="UTF-8"?>
<testng-results ignored="0" total="2" passed="2" failed="0" skipped="0">
  <reporter-output>
  </reporter-output>
  <suite started-at="2022-12-09T23:44:39 IST" name="Default suite" finished-at="2022-12-09T23:45:09 IST" duration-ms="30068">
    <groups>
    </groups>
    <test started-at="2022-12-09T23:44:39 IST" name="Default test" finished-at="2022-12-09T23:45:09 IST" duration-ms="30068">
      <class name="testcase.LoginAndLogout">
        <test-method is-config="true" signature="setFileName()[pri:0, instance:testcase.LoginAndLogout@31368b99]" started-at="2022-12-09T23:44:39 IST" name="setFileName" finished-at="2022-12-09T23:44:39 IST" duration-ms="10" status="PASS">
          <reporter-output>
          </reporter-output>
        </test-method> <!-- setFileName -->
        <test-method is-config="true" signature="StartApplication()[pri:0, instance:testcase.LoginAndLogout@31368b99]" started-at="2022-12-09T23:44:39 IST" name="StartApplication" finished-at="2022-12-09T23:44:44 IST" duration-ms="4857" status="PASS">
          <reporter-output>
          </reporter-output>
        </test-method> <!-- StartApplication -->
        <test-method signature="loginLogout(java.lang.String, java.lang.String)[pri:0, instance:testcase.LoginAndLogout@31368b99]" started-at="2022-12-09T23:44:44 IST" name="loginLogout" data-provider="fetchData" finished-at="2022-12-09T23:44:55 IST" duration-ms="10583" status="PASS">
          <params>
            <param index="0">
              <value>
                <![CDATA[demosalesmanager]]>
              </value>
            </param>
            <param index="1">
              <value>
                <![CDATA[crmsfa]]>
              </value>
            </param>
          </params>
          <reporter-output>
          </reporter-output>
        </test-method> <!-- loginLogout -->
        <test-method is-config="true" signature="closeApp()[pri:0, instance:testcase.LoginAndLogout@31368b99]" started-at="2022-12-09T23:44:55 IST" name="closeApp" finished-at="2022-12-09T23:44:55 IST" duration-ms="660" status="PASS">
          <reporter-output>
          </reporter-output>
        </test-method> <!-- closeApp -->
        <test-method is-config="true" signature="StartApplication()[pri:0, instance:testcase.LoginAndLogout@31368b99]" started-at="2022-12-09T23:44:55 IST" name="StartApplication" finished-at="2022-12-09T23:44:59 IST" duration-ms="3919" status="PASS">
          <reporter-output>
          </reporter-output>
        </test-method> <!-- StartApplication -->
        <test-method signature="loginLogout(java.lang.String, java.lang.String)[pri:0, instance:testcase.LoginAndLogout@31368b99]" started-at="2022-12-09T23:44:59 IST" name="loginLogout" data-provider="fetchData" finished-at="2022-12-09T23:45:08 IST" duration-ms="8792" status="PASS">
          <params>
            <param index="0">
              <value>
                <![CDATA[democsr]]>
              </value>
            </param>
            <param index="1">
              <value>
                <![CDATA[crmsfa]]>
              </value>
            </param>
          </params>
          <reporter-output>
          </reporter-output>
        </test-method> <!-- loginLogout -->
        <test-method is-config="true" signature="closeApp()[pri:0, instance:testcase.LoginAndLogout@31368b99]" started-at="2022-12-09T23:45:08 IST" name="closeApp" finished-at="2022-12-09T23:45:09 IST" duration-ms="625" status="PASS">
          <reporter-output>
          </reporter-output>
        </test-method> <!-- closeApp -->
      </class> <!-- testcase.LoginAndLogout -->
    </test> <!-- Default test -->
  </suite> <!-- Default suite -->
</testng-results>
